<?xml version="1.0" encoding="UTF-8"?>
<testng-results ignored="0" total="7" passed="5" failed="2" skipped="0">
  <reporter-output>
  </reporter-output>
<<<<<<< HEAD
  <suite started-at="2024-09-17T15:51:36 IST" name="Default suite" finished-at="2024-09-17T15:52:15 IST" duration-ms="38507">
    <groups>
    </groups>
    <test started-at="2024-09-17T15:51:36 IST" name="Default test" finished-at="2024-09-17T15:52:15 IST" duration-ms="38507">
      <class name="myCoursePageModule.TC_01_MyCoursePage">
        <test-method is-config="true" signature="beforeSuite()[pri:0, instance:myCoursePageModule.TC_01_MyCoursePage@1df8da7a]" started-at="2024-09-17T15:51:36 IST" name="beforeSuite" finished-at="2024-09-17T15:51:36 IST" duration-ms="701" status="PASS">
          <reporter-output>
          </reporter-output>
        </test-method> <!-- beforeSuite -->
        <test-method is-config="true" signature="beforeTest()[pri:0, instance:myCoursePageModule.TC_01_MyCoursePage@1df8da7a]" started-at="2024-09-17T15:51:36 IST" name="beforeTest" finished-at="2024-09-17T15:51:36 IST" duration-ms="1" status="PASS">
          <reporter-output>
          </reporter-output>
        </test-method> <!-- beforeTest -->
        <test-method is-config="true" signature="startTestCase()[pri:0, instance:myCoursePageModule.TC_01_MyCoursePage@1df8da7a]" started-at="2024-09-17T15:51:36 IST" name="startTestCase" finished-at="2024-09-17T15:51:36 IST" duration-ms="0" status="PASS">
          <reporter-output>
          </reporter-output>
        </test-method> <!-- startTestCase -->
        <test-method is-config="true" signature="beforeMethod()[pri:0, instance:myCoursePageModule.TC_01_MyCoursePage@1df8da7a]" started-at="2024-09-17T15:51:36 IST" name="beforeMethod" finished-at="2024-09-17T15:51:36 IST" duration-ms="11" status="PASS">
          <reporter-output>
          </reporter-output>
        </test-method> <!-- beforeMethod -->
        <test-method signature="Mycoursepage()[pri:0, instance:myCoursePageModule.TC_01_MyCoursePage@1df8da7a]" started-at="2024-09-17T15:51:36 IST" name="Mycoursepage" finished-at="2024-09-17T15:52:14 IST" duration-ms="38088" status="PASS">
          <reporter-output>
          </reporter-output>
        </test-method> <!-- Mycoursepage -->
        <test-method is-config="true" signature="afterMethod()[pri:0, instance:myCoursePageModule.TC_01_MyCoursePage@1df8da7a]" started-at="2024-09-17T15:52:14 IST" name="afterMethod" finished-at="2024-09-17T15:52:15 IST" duration-ms="338" status="PASS">
          <reporter-output>
          </reporter-output>
        </test-method> <!-- afterMethod -->
        <test-method is-config="true" signature="afterTest()[pri:0, instance:myCoursePageModule.TC_01_MyCoursePage@1df8da7a]" started-at="2024-09-17T15:52:15 IST" name="afterTest" finished-at="2024-09-17T15:52:15 IST" duration-ms="1" status="PASS">
          <reporter-output>
          </reporter-output>
        </test-method> <!-- afterTest -->
        <test-method is-config="true" signature="afterSuite()[pri:0, instance:myCoursePageModule.TC_01_MyCoursePage@1df8da7a]" started-at="2024-09-17T15:52:15 IST" name="afterSuite" finished-at="2024-09-17T15:52:15 IST" duration-ms="483" status="PASS">
          <reporter-output>
          </reporter-output>
        </test-method> <!-- afterSuite -->
      </class> <!-- myCoursePageModule.TC_01_MyCoursePage -->
=======
  <suite started-at="2024-09-17T10:46:15 IST" name="WebApplication" finished-at="2024-09-17T10:48:18 IST" duration-ms="123204">
    <groups>
    </groups>
    <test started-at="2024-09-17T10:46:15 IST" name="Default test" finished-at="2024-09-17T10:48:18 IST" duration-ms="123204">
      <class name="testcases.TC_03_CompleteVideo">
        <test-method is-config="true" signature="startTestCase()[pri:0, instance:testcases.TC_03_CompleteVideo@7a5ceedd]" started-at="2024-09-17T10:46:37 IST" name="startTestCase" finished-at="2024-09-17T10:46:37 IST" duration-ms="1" status="PASS">
          <reporter-output>
          </reporter-output>
        </test-method> <!-- startTestCase -->
        <test-method is-config="true" signature="beforeMethod()[pri:0, instance:testcases.TC_03_CompleteVideo@7a5ceedd]" started-at="2024-09-17T10:46:37 IST" name="beforeMethod" finished-at="2024-09-17T10:46:37 IST" duration-ms="1" status="PASS">
          <reporter-output>
          </reporter-output>
        </test-method> <!-- beforeMethod -->
        <test-method signature="createAccount()[pri:0, instance:testcases.TC_03_CompleteVideo@7a5ceedd]" started-at="2024-09-17T10:46:37 IST" name="createAccount" finished-at="2024-09-17T10:47:00 IST" duration-ms="22796" status="PASS">
          <reporter-output>
          </reporter-output>
        </test-method> <!-- createAccount -->
        <test-method is-config="true" signature="afterMethod()[pri:0, instance:testcases.TC_03_CompleteVideo@7a5ceedd]" started-at="2024-09-17T10:47:00 IST" name="afterMethod" finished-at="2024-09-17T10:47:00 IST" duration-ms="427" status="PASS">
          <reporter-output>
          </reporter-output>
        </test-method> <!-- afterMethod -->
      </class> <!-- testcases.TC_03_CompleteVideo -->
      <class name="testcases.TC_06_Selectsubject">
        <test-method is-config="true" signature="startTestCase()[pri:0, instance:testcases.TC_06_Selectsubject@6cb107fd]" started-at="2024-09-17T10:47:41 IST" name="startTestCase" finished-at="2024-09-17T10:47:41 IST" duration-ms="1" status="PASS">
          <reporter-output>
          </reporter-output>
        </test-method> <!-- startTestCase -->
        <test-method signature="SelectSubject()[pri:0, instance:testcases.TC_06_Selectsubject@6cb107fd]" started-at="2024-09-17T10:47:41 IST" name="SelectSubject" finished-at="2024-09-17T10:47:55 IST" duration-ms="14125" status="PASS">
          <reporter-output>
          </reporter-output>
        </test-method> <!-- SelectSubject -->
        <test-method is-config="true" signature="beforeMethod()[pri:0, instance:testcases.TC_06_Selectsubject@6cb107fd]" started-at="2024-09-17T10:47:41 IST" name="beforeMethod" finished-at="2024-09-17T10:47:41 IST" duration-ms="0" status="PASS">
          <reporter-output>
          </reporter-output>
        </test-method> <!-- beforeMethod -->
        <test-method is-config="true" signature="afterMethod()[pri:0, instance:testcases.TC_06_Selectsubject@6cb107fd]" started-at="2024-09-17T10:47:55 IST" name="afterMethod" finished-at="2024-09-17T10:47:56 IST" duration-ms="335" status="PASS">
          <reporter-output>
          </reporter-output>
        </test-method> <!-- afterMethod -->
      </class> <!-- testcases.TC_06_Selectsubject -->
      <class name="testcases.TC_01_CreateAcount">
        <test-method is-config="true" signature="beforeSuite()[pri:0, instance:testcases.TC_01_CreateAcount@6b695b06]" started-at="2024-09-17T10:46:14 IST" name="beforeSuite" finished-at="2024-09-17T10:46:15 IST" duration-ms="458" status="PASS">
          <reporter-output>
          </reporter-output>
        </test-method> <!-- beforeSuite -->
        <test-method is-config="true" signature="beforeTest()[pri:0, instance:testcases.TC_01_CreateAcount@6b695b06]" started-at="2024-09-17T10:46:15 IST" name="beforeTest" finished-at="2024-09-17T10:46:15 IST" duration-ms="0" status="PASS">
          <reporter-output>
          </reporter-output>
        </test-method> <!-- beforeTest -->
        <test-method is-config="true" signature="startTestCase()[pri:0, instance:testcases.TC_01_CreateAcount@6b695b06]" started-at="2024-09-17T10:46:15 IST" name="startTestCase" finished-at="2024-09-17T10:46:15 IST" duration-ms="0" status="PASS">
          <reporter-output>
          </reporter-output>
        </test-method> <!-- startTestCase -->
        <test-method is-config="true" signature="beforeMethod()[pri:0, instance:testcases.TC_01_CreateAcount@6b695b06]" started-at="2024-09-17T10:46:15 IST" name="beforeMethod" finished-at="2024-09-17T10:46:15 IST" duration-ms="9" status="PASS">
          <reporter-output>
          </reporter-output>
        </test-method> <!-- beforeMethod -->
        <test-method signature="createAccount()[pri:0, instance:testcases.TC_01_CreateAcount@6b695b06]" started-at="2024-09-17T10:46:15 IST" name="createAccount" finished-at="2024-09-17T10:46:22 IST" duration-ms="7193" status="PASS">
          <reporter-output>
          </reporter-output>
        </test-method> <!-- createAccount -->
        <test-method is-config="true" signature="afterMethod()[pri:0, instance:testcases.TC_01_CreateAcount@6b695b06]" started-at="2024-09-17T10:46:22 IST" name="afterMethod" finished-at="2024-09-17T10:46:22 IST" duration-ms="309" status="PASS">
          <reporter-output>
          </reporter-output>
        </test-method> <!-- afterMethod -->
        <test-method is-config="true" signature="afterTest()[pri:0, instance:testcases.TC_01_CreateAcount@6b695b06]" started-at="2024-09-17T10:48:18 IST" name="afterTest" finished-at="2024-09-17T10:48:18 IST" duration-ms="1" status="PASS">
          <reporter-output>
          </reporter-output>
        </test-method> <!-- afterTest -->
        <test-method is-config="true" signature="afterSuite()[pri:0, instance:testcases.TC_01_CreateAcount@6b695b06]" started-at="2024-09-17T10:48:18 IST" name="afterSuite" finished-at="2024-09-17T10:48:19 IST" duration-ms="625" status="PASS">
          <reporter-output>
          </reporter-output>
        </test-method> <!-- afterSuite -->
      </class> <!-- testcases.TC_01_CreateAcount -->
      <class name="testcases.TC_07_TakeChapterlevelAssessment">
        <test-method is-config="true" signature="startTestCase()[pri:0, instance:testcases.TC_07_TakeChapterlevelAssessment@710636b0]" started-at="2024-09-17T10:47:56 IST" name="startTestCase" finished-at="2024-09-17T10:47:56 IST" duration-ms="0" status="PASS">
          <reporter-output>
          </reporter-output>
        </test-method> <!-- startTestCase -->
        <test-method signature="SelectSubject()[pri:0, instance:testcases.TC_07_TakeChapterlevelAssessment@710636b0]" started-at="2024-09-17T10:47:56 IST" name="SelectSubject" finished-at="2024-09-17T10:48:18 IST" duration-ms="22036" status="PASS">
          <reporter-output>
          </reporter-output>
        </test-method> <!-- SelectSubject -->
        <test-method is-config="true" signature="beforeMethod()[pri:0, instance:testcases.TC_07_TakeChapterlevelAssessment@710636b0]" started-at="2024-09-17T10:47:56 IST" name="beforeMethod" finished-at="2024-09-17T10:47:56 IST" duration-ms="0" status="PASS">
          <reporter-output>
          </reporter-output>
        </test-method> <!-- beforeMethod -->
        <test-method is-config="true" signature="afterMethod()[pri:0, instance:testcases.TC_07_TakeChapterlevelAssessment@710636b0]" started-at="2024-09-17T10:48:18 IST" name="afterMethod" finished-at="2024-09-17T10:48:18 IST" duration-ms="468" status="PASS">
          <reporter-output>
          </reporter-output>
        </test-method> <!-- afterMethod -->
      </class> <!-- testcases.TC_07_TakeChapterlevelAssessment -->
      <class name="testcases.TC_02_TakeChapterAssessment">
        <test-method is-config="true" signature="startTestCase()[pri:0, instance:testcases.TC_02_TakeChapterAssessment@5965d37]" started-at="2024-09-17T10:46:22 IST" name="startTestCase" finished-at="2024-09-17T10:46:22 IST" duration-ms="0" status="PASS">
          <reporter-output>
          </reporter-output>
        </test-method> <!-- startTestCase -->
        <test-method signature="createAccount()[pri:0, instance:testcases.TC_02_TakeChapterAssessment@5965d37]" started-at="2024-09-17T10:46:22 IST" name="createAccount" finished-at="2024-09-17T10:46:37 IST" duration-ms="14086" status="FAIL">
          <exception class="java.lang.RuntimeException">
            <message>
              <![CDATA[FAILED]]>
            </message>
            <full-stacktrace>
              <![CDATA[java.lang.RuntimeException: FAILED
at utils.Reporter.reportStep(Reporter.java:48)
at wrappers.GenericWrappers.enterValuebyXpath(GenericWrappers.java:169)
at pages.AssessmentPage.enterMCQQuestion(AssessmentPage.java:136)
at testcases.TC_02_TakeChapterAssessment.createAccount(TC_02_TakeChapterAssessment.java:55)
at java.base/jdk.internal.reflect.NativeMethodAccessorImpl.invoke0(Native Method)
at java.base/jdk.internal.reflect.NativeMethodAccessorImpl.invoke(NativeMethodAccessorImpl.java:77)
at java.base/jdk.internal.reflect.DelegatingMethodAccessorImpl.invoke(DelegatingMethodAccessorImpl.java:43)
at java.base/java.lang.reflect.Method.invoke(Method.java:568)
at org.testng.internal.invokers.MethodInvocationHelper.invokeMethod(MethodInvocationHelper.java:139)
at org.testng.internal.invokers.TestInvoker.invokeMethod(TestInvoker.java:664)
at org.testng.internal.invokers.TestInvoker.invokeTestMethod(TestInvoker.java:228)
at org.testng.internal.invokers.MethodRunner.runInSequence(MethodRunner.java:63)
at org.testng.internal.invokers.TestInvoker$MethodInvocationAgent.invoke(TestInvoker.java:961)
at org.testng.internal.invokers.TestInvoker.invokeTestMethods(TestInvoker.java:201)
at org.testng.internal.invokers.TestMethodWorker.invokeTestMethods(TestMethodWorker.java:148)
at org.testng.internal.invokers.TestMethodWorker.run(TestMethodWorker.java:128)
at java.base/java.util.ArrayList.forEach(ArrayList.java:1511)
at org.testng.TestRunner.privateRun(TestRunner.java:819)
at org.testng.TestRunner.run(TestRunner.java:619)
at org.testng.SuiteRunner.runTest(SuiteRunner.java:443)
at org.testng.SuiteRunner.runSequentially(SuiteRunner.java:437)
at org.testng.SuiteRunner.privateRun(SuiteRunner.java:397)
at org.testng.SuiteRunner.run(SuiteRunner.java:336)
at org.testng.SuiteRunnerWorker.runSuite(SuiteRunnerWorker.java:52)
at org.testng.SuiteRunnerWorker.run(SuiteRunnerWorker.java:95)
at org.testng.TestNG.runSuitesSequentially(TestNG.java:1301)
at org.testng.TestNG.runSuitesLocally(TestNG.java:1228)
at org.testng.TestNG.runSuites(TestNG.java:1134)
at org.testng.TestNG.run(TestNG.java:1101)
at org.testng.remote.AbstractRemoteTestNG.run(AbstractRemoteTestNG.java:115)
at org.testng.remote.RemoteTestNG.initAndRun(RemoteTestNG.java:251)
at org.testng.remote.RemoteTestNG.main(RemoteTestNG.java:77)
]]>
            </full-stacktrace>
          </exception> <!-- java.lang.RuntimeException -->
          <reporter-output>
          </reporter-output>
        </test-method> <!-- createAccount -->
        <test-method is-config="true" signature="beforeMethod()[pri:0, instance:testcases.TC_02_TakeChapterAssessment@5965d37]" started-at="2024-09-17T10:46:22 IST" name="beforeMethod" finished-at="2024-09-17T10:46:22 IST" duration-ms="0" status="PASS">
          <reporter-output>
          </reporter-output>
        </test-method> <!-- beforeMethod -->
        <test-method is-config="true" signature="afterMethod()[pri:0, instance:testcases.TC_02_TakeChapterAssessment@5965d37]" started-at="2024-09-17T10:46:37 IST" name="afterMethod" finished-at="2024-09-17T10:46:37 IST" duration-ms="334" status="PASS">
          <reporter-output>
          </reporter-output>
        </test-method> <!-- afterMethod -->
      </class> <!-- testcases.TC_02_TakeChapterAssessment -->
      <class name="testcases.TC_04_TakeChapterAssessment">
        <test-method is-config="true" signature="startTestCase()[pri:0, instance:testcases.TC_04_TakeChapterAssessment@4201c465]" started-at="2024-09-17T10:47:00 IST" name="startTestCase" finished-at="2024-09-17T10:47:00 IST" duration-ms="0" status="PASS">
          <reporter-output>
          </reporter-output>
        </test-method> <!-- startTestCase -->
        <test-method signature="createAccount()[pri:0, instance:testcases.TC_04_TakeChapterAssessment@4201c465]" started-at="2024-09-17T10:47:00 IST" name="createAccount" finished-at="2024-09-17T10:47:20 IST" duration-ms="19423" status="FAIL">
          <exception class="org.openqa.selenium.NoSuchElementException">
            <message>
              <![CDATA[no such element: Unable to locate element: {"method":"xpath","selector":"(//div[contains(@class,'Assessment_optionKey')])[1]"}
  (Session info: chrome=128.0.6613.121)
For documentation on this error, please visit: https://www.selenium.dev/documentation/webdriver/troubleshooting/errors#no-such-element-exception
Build info: version: '4.22.0', revision: 'c5f3146703*'
System info: os.name: 'Windows 10', os.arch: 'amd64', os.version: '10.0', java.version: '17.0.9'
Driver info: org.openqa.selenium.chrome.ChromeDriver
Command: [bb3e965864530d4ed1d5a03f7d3f18a2, findElement {value=(//div[contains(@class,'Assessment_optionKey')])[1], using=xpath}]
Capabilities {acceptInsecureCerts: false, browserName: chrome, browserVersion: 128.0.6613.121, chrome: {chromedriverVersion: 128.0.6613.137 (fe621c5aa2d..., userDataDir: C:\Users\INVCUS~2\AppData\L...}, fedcm:accounts: true, goog:chromeOptions: {debuggerAddress: localhost:56749}, networkConnectionEnabled: false, pageLoadStrategy: normal, platformName: windows, proxy: Proxy(), se:cdp: ws://localhost:56749/devtoo..., se:cdpVersion: 128.0.6613.121, setWindowRect: true, strictFileInteractability: false, timeouts: {implicit: 0, pageLoad: 300000, script: 30000}, unhandledPromptBehavior: dismiss and notify, webauthn:extension:credBlob: true, webauthn:extension:largeBlob: true, webauthn:extension:minPinLength: true, webauthn:extension:prf: true, webauthn:virtualAuthenticators: true}
Session ID: bb3e965864530d4ed1d5a03f7d3f18a2]]>
            </message>
            <full-stacktrace>
              <![CDATA[org.openqa.selenium.NoSuchElementException: no such element: Unable to locate element: {"method":"xpath","selector":"(//div[contains(@class,'Assessment_optionKey')])[1]"}
  (Session info: chrome=128.0.6613.121)
For documentation on this error, please visit: https://www.selenium.dev/documentation/webdriver/troubleshooting/errors#no-such-element-exception
Build info: version: '4.22.0', revision: 'c5f3146703*'
System info: os.name: 'Windows 10', os.arch: 'amd64', os.version: '10.0', java.version: '17.0.9'
Driver info: org.openqa.selenium.chrome.ChromeDriver
Command: [bb3e965864530d4ed1d5a03f7d3f18a2, findElement {value=(//div[contains(@class,'Assessment_optionKey')])[1], using=xpath}]
Capabilities {acceptInsecureCerts: false, browserName: chrome, browserVersion: 128.0.6613.121, chrome: {chromedriverVersion: 128.0.6613.137 (fe621c5aa2d..., userDataDir: C:\Users\INVCUS~2\AppData\L...}, fedcm:accounts: true, goog:chromeOptions: {debuggerAddress: localhost:56749}, networkConnectionEnabled: false, pageLoadStrategy: normal, platformName: windows, proxy: Proxy(), se:cdp: ws://localhost:56749/devtoo..., se:cdpVersion: 128.0.6613.121, setWindowRect: true, strictFileInteractability: false, timeouts: {implicit: 0, pageLoad: 300000, script: 30000}, unhandledPromptBehavior: dismiss and notify, webauthn:extension:credBlob: true, webauthn:extension:largeBlob: true, webauthn:extension:minPinLength: true, webauthn:extension:prf: true, webauthn:virtualAuthenticators: true}
Session ID: bb3e965864530d4ed1d5a03f7d3f18a2
at java.base/jdk.internal.reflect.NativeConstructorAccessorImpl.newInstance0(Native Method)
at java.base/jdk.internal.reflect.NativeConstructorAccessorImpl.newInstance(NativeConstructorAccessorImpl.java:77)
at java.base/jdk.internal.reflect.DelegatingConstructorAccessorImpl.newInstance(DelegatingConstructorAccessorImpl.java:45)
at java.base/java.lang.reflect.Constructor.newInstanceWithCaller(Constructor.java:499)
at java.base/java.lang.reflect.Constructor.newInstance(Constructor.java:480)
at org.openqa.selenium.remote.ErrorCodec.decode(ErrorCodec.java:167)
at org.openqa.selenium.remote.codec.w3c.W3CHttpResponseCodec.decode(W3CHttpResponseCodec.java:138)
at org.openqa.selenium.remote.codec.w3c.W3CHttpResponseCodec.decode(W3CHttpResponseCodec.java:50)
at org.openqa.selenium.remote.HttpCommandExecutor.execute(HttpCommandExecutor.java:190)
at org.openqa.selenium.remote.service.DriverCommandExecutor.invokeExecute(DriverCommandExecutor.java:216)
at org.openqa.selenium.remote.service.DriverCommandExecutor.execute(DriverCommandExecutor.java:174)
at org.openqa.selenium.remote.RemoteWebDriver.execute(RemoteWebDriver.java:518)
at org.openqa.selenium.remote.ElementLocation$ElementFinder$2.findElement(ElementLocation.java:165)
at org.openqa.selenium.remote.ElementLocation.findElement(ElementLocation.java:59)
at org.openqa.selenium.remote.RemoteWebDriver.findElement(RemoteWebDriver.java:355)
at org.openqa.selenium.remote.RemoteWebDriver.findElement(RemoteWebDriver.java:349)
at pages.AssessmentPage.getAnswerField(AssessmentPage.java:65)
at pages.AssessmentPage.enterMcqOption(AssessmentPage.java:78)
at testcases.TC_04_TakeChapterAssessment.createAccount(TC_04_TakeChapterAssessment.java:56)
at java.base/jdk.internal.reflect.NativeMethodAccessorImpl.invoke0(Native Method)
at java.base/jdk.internal.reflect.NativeMethodAccessorImpl.invoke(NativeMethodAccessorImpl.java:77)
at java.base/jdk.internal.reflect.DelegatingMethodAccessorImpl.invoke(DelegatingMethodAccessorImpl.java:43)
at java.base/java.lang.reflect.Method.invoke(Method.java:568)
at org.testng.internal.invokers.MethodInvocationHelper.invokeMethod(MethodInvocationHelper.java:139)
at org.testng.internal.invokers.TestInvoker.invokeMethod(TestInvoker.java:664)
at org.testng.internal.invokers.TestInvoker.invokeTestMethod(TestInvoker.java:228)
at org.testng.internal.invokers.MethodRunner.runInSequence(MethodRunner.java:63)
at org.testng.internal.invokers.TestInvoker$MethodInvocationAgent.invoke(TestInvoker.java:961)
at org.testng.internal.invokers.TestInvoker.invokeTestMethods(TestInvoker.java:201)
at org.testng.internal.invokers.TestMethodWorker.invokeTestMethods(TestMethodWorker.java:148)
at org.testng.internal.invokers.TestMethodWorker.run(TestMethodWorker.java:128)
at java.base/java.util.ArrayList.forEach(ArrayList.java:1511)
at org.testng.TestRunner.privateRun(TestRunner.java:819)
at org.testng.TestRunner.run(TestRunner.java:619)
at org.testng.SuiteRunner.runTest(SuiteRunner.java:443)
at org.testng.SuiteRunner.runSequentially(SuiteRunner.java:437)
at org.testng.SuiteRunner.privateRun(SuiteRunner.java:397)
at org.testng.SuiteRunner.run(SuiteRunner.java:336)
at org.testng.SuiteRunnerWorker.runSuite(SuiteRunnerWorker.java:52)
at org.testng.SuiteRunnerWorker.run(SuiteRunnerWorker.java:95)
at org.testng.TestNG.runSuitesSequentially(TestNG.java:1301)
at org.testng.TestNG.runSuitesLocally(TestNG.java:1228)
at org.testng.TestNG.runSuites(TestNG.java:1134)
at org.testng.TestNG.run(TestNG.java:1101)
at org.testng.remote.AbstractRemoteTestNG.run(AbstractRemoteTestNG.java:115)
at org.testng.remote.RemoteTestNG.initAndRun(RemoteTestNG.java:251)
at org.testng.remote.RemoteTestNG.main(RemoteTestNG.java:77)
]]>
            </full-stacktrace>
          </exception> <!-- org.openqa.selenium.NoSuchElementException -->
          <reporter-output>
          </reporter-output>
        </test-method> <!-- createAccount -->
        <test-method is-config="true" signature="beforeMethod()[pri:0, instance:testcases.TC_04_TakeChapterAssessment@4201c465]" started-at="2024-09-17T10:47:00 IST" name="beforeMethod" finished-at="2024-09-17T10:47:00 IST" duration-ms="0" status="PASS">
          <reporter-output>
          </reporter-output>
        </test-method> <!-- beforeMethod -->
        <test-method is-config="true" signature="afterMethod()[pri:0, instance:testcases.TC_04_TakeChapterAssessment@4201c465]" started-at="2024-09-17T10:47:20 IST" name="afterMethod" finished-at="2024-09-17T10:47:20 IST" duration-ms="570" status="PASS">
          <reporter-output>
          </reporter-output>
        </test-method> <!-- afterMethod -->
      </class> <!-- testcases.TC_04_TakeChapterAssessment -->
      <class name="testcases.TC_05_CheckAssessmentCompleted">
        <test-method is-config="true" signature="startTestCase()[pri:0, instance:testcases.TC_05_CheckAssessmentCompleted@5b799640]" started-at="2024-09-17T10:47:20 IST" name="startTestCase" finished-at="2024-09-17T10:47:20 IST" duration-ms="1" status="PASS">
          <reporter-output>
          </reporter-output>
        </test-method> <!-- startTestCase -->
        <test-method is-config="true" signature="beforeMethod()[pri:0, instance:testcases.TC_05_CheckAssessmentCompleted@5b799640]" started-at="2024-09-17T10:47:20 IST" name="beforeMethod" finished-at="2024-09-17T10:47:20 IST" duration-ms="1" status="PASS">
          <reporter-output>
          </reporter-output>
        </test-method> <!-- beforeMethod -->
        <test-method signature="createAccount()[pri:0, instance:testcases.TC_05_CheckAssessmentCompleted@5b799640]" started-at="2024-09-17T10:47:20 IST" name="createAccount" finished-at="2024-09-17T10:47:41 IST" duration-ms="20574" status="PASS">
          <reporter-output>
          </reporter-output>
        </test-method> <!-- createAccount -->
        <test-method is-config="true" signature="afterMethod()[pri:0, instance:testcases.TC_05_CheckAssessmentCompleted@5b799640]" started-at="2024-09-17T10:47:41 IST" name="afterMethod" finished-at="2024-09-17T10:47:41 IST" duration-ms="400" status="PASS">
          <reporter-output>
          </reporter-output>
        </test-method> <!-- afterMethod -->
      </class> <!-- testcases.TC_05_CheckAssessmentCompleted -->
>>>>>>> f29b48463450f957578a6e1e6582b9693b796e45
    </test> <!-- Default test -->
  </suite> <!-- WebApplication -->
</testng-results>
